<?xml version="1.0" encoding="UTF-8"?>
<testng-results ignored="0" total="1" passed="1" failed="0" skipped="0">
  <reporter-output>
  </reporter-output>
  <suite started-at="2026-06-26T13:15:36 BRT" name="Default suite" finished-at="2026-06-26T13:15:40 BRT" duration-ms="3837">
    <groups>
      <group name="regressivo">
        <method signature="GetSingleUserNotFoundTest.validarStatusCode404EResponseBody()[pri:0, instance:testes.GetSingleUserNotFoundTest@7eb6b6b6]" name="validarStatusCode404EResponseBody" class="testes.GetSingleUserNotFoundTest"/>
      </group> <!-- regressivo -->
    </groups>
    <test started-at="2026-06-26T13:15:36 BRT" name="Default test" finished-at="2026-06-26T13:15:40 BRT" duration-ms="3837">
      <class name="testes.GetSingleUserNotFoundTest">
        <test-method is-config="true" signature="setupSuite()[pri:0, instance:testes.GetSingleUserNotFoundTest@7eb6b6b6]" started-at="2026-06-26T13:15:35 BRT" name="setupSuite" finished-at="2026-06-26T13:15:36 BRT" duration-ms="1493" status="PASS">
          <reporter-output>
          </reporter-output>
        </test-method> <!-- setupSuite -->
        <test-method signature="validarStatusCode404EResponseBody()[pri:0, instance:testes.GetSingleUserNotFoundTest@7eb6b6b6]" started-at="2026-06-26T13:15:37 BRT" name="validarStatusCode404EResponseBody" finished-at="2026-06-26T13:15:40 BRT" duration-ms="3596" status="PASS">
          <reporter-output>
          </reporter-output>
        </test-method> <!-- validarStatusCode404EResponseBody -->
      </class> <!-- testes.GetSingleUserNotFoundTest -->
    </test> <!-- Default test -->
  </suite> <!-- Default suite -->
</testng-results>
