<?xml version="1.0" encoding="UTF-8"?>
<!-- Generated by org.testng.reporters.JUnitReportReporter -->
<testsuite hostname="NMDF1068" failures="0" tests="2" name="testes.PostRegisterUnuccessfulTest" time="1.521" errors="0" timestamp="2026-06-26T07:33:18 BRT" skipped="0">
  <testcase classname="testes.PostRegisterUnuccessfulTest" name="validarStatusCode400EResponseBody" time="0.809"/>
  <system-out/>
  <testcase classname="testes.PostRegisterUnuccessfulTest" name="validarSchema" time="0.712"/>
  <system-out/>
</testsuite> <!-- testes.PostRegisterUnuccessfulTest -->
