<?xml version="1.0" encoding="UTF-8"?>
<!-- Generated by org.testng.reporters.JUnitReportReporter -->
<testsuite hostname="NMDF1068" failures="0" tests="2" name="testes.GetListUsersTest" time="0.804" errors="0" timestamp="2026-06-25T18:47:51 BRT" skipped="0">
  <testcase classname="testes.GetListUsersTest" name="validarSchema" time="0.367"/>
  <system-out/>
  <testcase classname="testes.GetListUsersTest" name="validarStatusCode200EResponseBody" time="0.437"/>
  <system-out/>
</testsuite> <!-- testes.GetListUsersTest -->
