<?xml version="1.0" encoding="UTF-8"?>
<!-- Generated by org.testng.reporters.JUnitReportReporter -->
<testsuite hostname="NMDF1068" failures="0" tests="2" name="testes.GetSingleUsersTest" time="0.715" errors="0" timestamp="2026-06-25T18:47:52 BRT" skipped="0">
  <testcase classname="testes.GetSingleUsersTest" name="validarSchema" time="0.341"/>
  <system-out/>
  <testcase classname="testes.GetSingleUsersTest" name="validarStatusCode200EResponseBody" time="0.374"/>
  <system-out/>
</testsuite> <!-- testes.GetSingleUsersTest -->
