<?xml version="1.0" encoding="UTF-8"?>
<!-- Generated by org.testng.reporters.JUnitReportReporter -->
<testsuite hostname="NMDF1068" failures="0" tests="2" name="testes.GetListResourceTest" time="11.618" errors="0" timestamp="2026-06-26T11:57:13 BRT" skipped="0">
  <testcase classname="testes.GetListResourceTest" name="validarStatusCode200EResponseBody" time="4.156"/>
  <system-out/>
  <testcase classname="testes.GetListResourceTest" name="validarSchema" time="7.462"/>
  <system-out/>
</testsuite> <!-- testes.GetListResourceTest -->
