<?xml version="1.0" encoding="UTF-8"?>
<!-- Generated by org.testng.reporters.JUnitReportReporter -->
<testsuite hostname="NMDF1068" failures="0" tests="9" name="testes.PostLoginUnsuccessfulTest" time="4.942" errors="0" timestamp="2026-06-25T18:47:51 BRT" skipped="0">
  <testcase classname="testes.PostLoginUnsuccessfulTest" name="validarStatusCode400ECamposObrigatorios" time="0.523"/>
  <system-out/>
  <testcase classname="testes.PostLoginUnsuccessfulTest" name="validarSchema" time="0.536"/>
  <system-out/>
  <testcase classname="testes.PostLoginUnsuccessfulTest" name="validarStatusCode400ECamposObrigatorios" time="0.699"/>
  <system-out/>
  <testcase classname="testes.PostLoginUnsuccessfulTest" name="validarStatusCode400ECamposObrigatorios" time="0.530"/>
  <system-out/>
  <testcase classname="testes.PostLoginUnsuccessfulTest" name="validarStatusCode400ECamposObrigatorios" time="0.548"/>
  <system-out/>
  <testcase classname="testes.PostLoginUnsuccessfulTest" name="validarStatusCode400ECamposObrigatorios" time="0.524"/>
  <system-out/>
  <testcase classname="testes.PostLoginUnsuccessfulTest" name="validarStatusCode400ECamposObrigatorios" time="0.534"/>
  <system-out/>
  <testcase classname="testes.PostLoginUnsuccessfulTest" name="validarStatusCode400ECamposObrigatorios" time="0.530"/>
  <system-out/>
  <testcase classname="testes.PostLoginUnsuccessfulTest" name="validarStatusCode400ECamposObrigatorios" time="0.518"/>
  <system-out/>
</testsuite> <!-- testes.PostLoginUnsuccessfulTest -->
