<?xml version="1.0" encoding="UTF-8"?>
<!-- Generated by org.testng.reporters.JUnitReportReporter -->
<testsuite hostname="NMDF1068" failures="2" tests="2" name="testes.PostCreateTest" time="1.081" errors="0" timestamp="2026-06-25T19:00:06 BRT" skipped="0">
  <testcase classname="testes.PostCreateTest" name="validarStatusCode201EResponseBody" time="0.530">
    <failure message="1 expectation failed.
Expected status code &lt;201&gt; but was &lt;429&gt;.
" type="java.lang.AssertionError">
      <![CDATA[java.lang.AssertionError: 1 expectation failed.
Expected status code <201> but was <429>.

at java.base/jdk.internal.reflect.NativeConstructorAccessorImpl.newInstance0(Native Method)
at java.base/jdk.internal.reflect.NativeConstructorAccessorImpl.newInstance(NativeConstructorAccessorImpl.java:77)
at java.base/jdk.internal.reflect.DelegatingConstructorAccessorImpl.newInstance(DelegatingConstructorAccessorImpl.java:45)
at java.base/java.lang.reflect.Constructor.newInstanceWithCaller(Constructor.java:499)
at java.base/java.lang.reflect.Constructor.newInstance(Constructor.java:480)
at org.codehaus.groovy.reflection.CachedConstructor.invoke(CachedConstructor.java:73)
at org.codehaus.groovy.runtime.callsite.ConstructorSite$ConstructorSiteNoUnwrapNoCoerce.callConstructor(ConstructorSite.java:108)
at org.codehaus.groovy.runtime.callsite.AbstractCallSite.callConstructor(AbstractCallSite.java:277)
at io.restassured.internal.ResponseSpecificationImpl$HamcrestAssertionClosure.validate(ResponseSpecificationImpl.groovy:512)
at io.restassured.internal.ResponseSpecificationImpl$HamcrestAssertionClosure$validate$1.call(Unknown Source)
at io.restassured.internal.ResponseSpecificationImpl.validateResponseIfRequired(ResponseSpecificationImpl.groovy:696)
at io.restassured.internal.ResponseSpecificationImpl.this$2$validateResponseIfRequired(ResponseSpecificationImpl.groovy)
at jdk.internal.reflect.GeneratedMethodAccessor56.invoke(Unknown Source)
at java.base/jdk.internal.reflect.DelegatingMethodAccessorImpl.invoke(DelegatingMethodAccessorImpl.java:43)
at java.base/java.lang.reflect.Method.invoke(Method.java:568)
at org.codehaus.groovy.runtime.callsite.PlainObjectMetaMethodSite.doInvoke(PlainObjectMetaMethodSite.java:43)
at org.codehaus.groovy.runtime.callsite.PogoMetaMethodSite$PogoCachedMethodSiteNoUnwrapNoCoerce.invoke(PogoMetaMethodSite.java:198)
at org.codehaus.groovy.runtime.callsite.PogoMetaMethodSite.callCurrent(PogoMetaMethodSite.java:62)
at org.codehaus.groovy.runtime.callsite.AbstractCallSite.callCurrent(AbstractCallSite.java:185)
at io.restassured.internal.ResponseSpecificationImpl.statusCode(ResponseSpecificationImpl.groovy:135)
at io.restassured.specification.ResponseSpecification$statusCode$0.callCurrent(Unknown Source)
at io.restassured.internal.ResponseSpecificationImpl.statusCode(ResponseSpecificationImpl.groovy:143)
at io.restassured.internal.ValidatableResponseOptionsImpl.statusCode(ValidatableResponseOptionsImpl.java:89)
at testes.PostCreateTest.validarStatusCode201EResponseBody(PostCreateTest.java:20)
at java.base/jdk.internal.reflect.NativeMethodAccessorImpl.invoke0(Native Method)
at java.base/jdk.internal.reflect.NativeMethodAccessorImpl.invoke(NativeMethodAccessorImpl.java:77)
at java.base/jdk.internal.reflect.DelegatingMethodAccessorImpl.invoke(DelegatingMethodAccessorImpl.java:43)
at java.base/java.lang.reflect.Method.invoke(Method.java:568)
at org.testng.internal.MethodInvocationHelper.invokeMethod(MethodInvocationHelper.java:134)
at org.testng.internal.TestInvoker.invokeMethod(TestInvoker.java:597)
at org.testng.internal.TestInvoker.invokeTestMethod(TestInvoker.java:173)
at org.testng.internal.MethodRunner.runInSequence(MethodRunner.java:46)
at org.testng.internal.TestInvoker$MethodInvocationAgent.invoke(TestInvoker.java:816)
at org.testng.internal.TestInvoker.invokeTestMethods(TestInvoker.java:146)
at org.testng.internal.TestMethodWorker.invokeTestMethods(TestMethodWorker.java:146)
at org.testng.internal.TestMethodWorker.run(TestMethodWorker.java:128)
at java.base/java.util.ArrayList.forEach(ArrayList.java:1511)
at org.testng.TestRunner.privateRun(TestRunner.java:766)
at org.testng.TestRunner.run(TestRunner.java:587)
at org.testng.SuiteRunner.runTest(SuiteRunner.java:384)
at org.testng.SuiteRunner.runSequentially(SuiteRunner.java:378)
at org.testng.SuiteRunner.privateRun(SuiteRunner.java:337)
at org.testng.SuiteRunner.run(SuiteRunner.java:286)
at org.testng.SuiteRunnerWorker.runSuite(SuiteRunnerWorker.java:53)
at org.testng.SuiteRunnerWorker.run(SuiteRunnerWorker.java:96)
at org.testng.TestNG.runSuitesSequentially(TestNG.java:1187)
at org.testng.TestNG.runSuitesLocally(TestNG.java:1109)
at org.testng.TestNG.runSuites(TestNG.java:1039)
at org.testng.TestNG.run(TestNG.java:1007)
at org.testng.remote.AbstractRemoteTestNG.run(AbstractRemoteTestNG.java:115)
at org.testng.remote.RemoteTestNG.initAndRun(RemoteTestNG.java:293)
at org.testng.remote.RemoteTestNG.main(RemoteTestNG.java:91)
]]>
    </failure>
  </testcase> <!-- validarStatusCode201EResponseBody -->
  <system-out/>
  <testcase classname="testes.PostCreateTest" name="validarSchema" time="0.551">
    <failure message="1 expectation failed.
Response body doesn&#039;t match expectation.
Expected: The content to match the given JSON schema.
error: object has missing required properties ([&quot;createdAt&quot;,&quot;id&quot;,&quot;job&quot;,&quot;name&quot;])
    level: &quot;error&quot;
    schema: {&quot;loadingURI&quot;:&quot;file:/C:/Users/fernando.bandeira/Git/api-automation-framework-selenium-web-driver/target/test-classes/arquivos/schemas/PostCreateSchema.json#&quot;,&quot;pointer&quot;:&quot;&quot;}
    instance: {&quot;pointer&quot;:&quot;&quot;}
    domain: &quot;validation&quot;
    keyword: &quot;required&quot;
    required: [&quot;createdAt&quot;,&quot;id&quot;,&quot;job&quot;,&quot;name&quot;]
    missing: [&quot;createdAt&quot;,&quot;id&quot;,&quot;job&quot;,&quot;name&quot;]

  Actual: {&quot;error&quot;:&quot;rate_limit_exceeded&quot;,&quot;message&quot;:&quot;You&#039;ve hit the free-tier limit of 250 requests/day.&quot;,&quot;upgrade&quot;:{&quot;message&quot;:&quot;Lite ($5/mo): 10,000 requests/day with commercial use license. Building a backend? See Dev ($12/mo).&quot;,&quot;url&quot;:&quot;https://app.reqres.in/upgrade?source=rate_limit&amp;endpoint=legacy_api&amp;highlight=lite&quot;,&quot;pricing_url&quot;:&quot;https://app.reqres.in/upgrade?source=rate_limit&amp;highlight=lite&quot;},&quot;current_usage&quot;:{&quot;requests_today&quot;:250,&quot;daily_limit&quot;:250,&quot;resets_at&quot;:&quot;2026-06-26T00:00:00.000Z&quot;},&quot;limit&quot;:250,&quot;remaining&quot;:0,&quot;reset_at&quot;:1782432000,&quot;resets_in&quot;:&quot;1h 59m&quot;,&quot;reset_explanation&quot;:&quot;Limits reset daily at midnight UTC&quot;,&quot;upgrade_url&quot;:&quot;https://app.reqres.in/upgrade?source=rate_limit&amp;endpoint=legacy_api&quot;,&quot;recommended_plan&quot;:&quot;dev&quot;,&quot;why_this_happened&quot;:&quot;Free tier includes 250 requests/day. Upgrade for higher limits, persistent collections, auth, and logs.&quot;,&quot;tier&quot;:&quot;free&quot;,&quot;pack_option&quot;:{&quot;label&quot;:&quot;Or: $5 once for 10,000 requests. No subscription.&quot;,&quot;url&quot;:&quot;https://buy.stripe.com/4gMbJ15NUaDy5qi6xzdMI04?client_reference_id=126408&quot;},&quot;_meta&quot;:{&quot;powered_by&quot;:&quot;ReqRes&quot;,&quot;docs_url&quot;:&quot;https://app.reqres.in/documentation&quot;,&quot;upgrade_url&quot;:&quot;https://app.reqres.in/upgrade&quot;,&quot;example_url&quot;:&quot;https://app.reqres.in/examples/notes-app&quot;,&quot;variant&quot;:&quot;v1_b&quot;,&quot;message&quot;:&quot;Too many requests. Back off, or use Projects for higher limits.&quot;,&quot;cta&quot;:{&quot;label&quot;:&quot;Get started&quot;,&quot;url&quot;:&quot;https://app.reqres.in/upgrade&quot;},&quot;context&quot;:&quot;rate_limited&quot;}}
" type="java.lang.AssertionError">
      <![CDATA[java.lang.AssertionError: 1 expectation failed.
Response body doesn't match expectation.
Expected: The content to match the given JSON schema.
error: object has missing required properties (["createdAt","id","job","name"])
    level: "error"
    schema: {"loadingURI":"file:/C:/Users/fernando.bandeira/Git/api-automation-framework-selenium-web-driver/target/test-classes/arquivos/schemas/PostCreateSchema.json#","pointer":""}
    instance: {"pointer":""}
    domain: "validation"
    keyword: "required"
    required: ["createdAt","id","job","name"]
    missing: ["createdAt","id","job","name"]

  Actual: {"error":"rate_limit_exceeded","message":"You've hit the free-tier limit of 250 requests/day.","upgrade":{"message":"Lite ($5/mo): 10,000 requests/day with commercial use license. Building a backend? See Dev ($12/mo).","url":"https://app.reqres.in/upgrade?source=rate_limit&endpoint=legacy_api&highlight=lite","pricing_url":"https://app.reqres.in/upgrade?source=rate_limit&highlight=lite"},"current_usage":{"requests_today":250,"daily_limit":250,"resets_at":"2026-06-26T00:00:00.000Z"},"limit":250,"remaining":0,"reset_at":1782432000,"resets_in":"1h 59m","reset_explanation":"Limits reset daily at midnight UTC","upgrade_url":"https://app.reqres.in/upgrade?source=rate_limit&endpoint=legacy_api","recommended_plan":"dev","why_this_happened":"Free tier includes 250 requests/day. Upgrade for higher limits, persistent collections, auth, and logs.","tier":"free","pack_option":{"label":"Or: $5 once for 10,000 requests. No subscription.","url":"https://buy.stripe.com/4gMbJ15NUaDy5qi6xzdMI04?client_reference_id=126408"},"_meta":{"powered_by":"ReqRes","docs_url":"https://app.reqres.in/documentation","upgrade_url":"https://app.reqres.in/upgrade","example_url":"https://app.reqres.in/examples/notes-app","variant":"v1_b","message":"Too many requests. Back off, or use Projects for higher limits.","cta":{"label":"Get started","url":"https://app.reqres.in/upgrade"},"context":"rate_limited"}}

at java.base/jdk.internal.reflect.NativeConstructorAccessorImpl.newInstance0(Native Method)
at java.base/jdk.internal.reflect.NativeConstructorAccessorImpl.newInstance(NativeConstructorAccessorImpl.java:77)
at java.base/jdk.internal.reflect.DelegatingConstructorAccessorImpl.newInstance(DelegatingConstructorAccessorImpl.java:45)
at java.base/java.lang.reflect.Constructor.newInstanceWithCaller(Constructor.java:499)
at java.base/java.lang.reflect.Constructor.newInstance(Constructor.java:480)
at org.codehaus.groovy.reflection.CachedConstructor.invoke(CachedConstructor.java:73)
at org.codehaus.groovy.runtime.callsite.ConstructorSite$ConstructorSiteNoUnwrapNoCoerce.callConstructor(ConstructorSite.java:108)
at org.codehaus.groovy.runtime.callsite.AbstractCallSite.callConstructor(AbstractCallSite.java:277)
at io.restassured.internal.ResponseSpecificationImpl$HamcrestAssertionClosure.validate(ResponseSpecificationImpl.groovy:512)
at io.restassured.internal.ResponseSpecificationImpl$HamcrestAssertionClosure$validate$1.call(Unknown Source)
at io.restassured.internal.ResponseSpecificationImpl.validateResponseIfRequired(ResponseSpecificationImpl.groovy:696)
at io.restassured.internal.ResponseSpecificationImpl.this$2$validateResponseIfRequired(ResponseSpecificationImpl.groovy)
at jdk.internal.reflect.GeneratedMethodAccessor56.invoke(Unknown Source)
at java.base/jdk.internal.reflect.DelegatingMethodAccessorImpl.invoke(DelegatingMethodAccessorImpl.java:43)
at java.base/java.lang.reflect.Method.invoke(Method.java:568)
at org.codehaus.groovy.runtime.callsite.PlainObjectMetaMethodSite.doInvoke(PlainObjectMetaMethodSite.java:43)
at org.codehaus.groovy.runtime.callsite.PogoMetaMethodSite$PogoCachedMethodSiteNoUnwrapNoCoerce.invoke(PogoMetaMethodSite.java:198)
at org.codehaus.groovy.runtime.callsite.PogoMetaMethodSite.callCurrent(PogoMetaMethodSite.java:62)
at org.codehaus.groovy.runtime.callsite.AbstractCallSite.callCurrent(AbstractCallSite.java:185)
at io.restassured.internal.ResponseSpecificationImpl.body(ResponseSpecificationImpl.groovy:107)
at io.restassured.internal.ValidatableResponseOptionsImpl.body(ValidatableResponseOptionsImpl.java:238)
at testes.PostCreateTest.validarSchema(PostCreateTest.java:30)
at java.base/jdk.internal.reflect.NativeMethodAccessorImpl.invoke0(Native Method)
at java.base/jdk.internal.reflect.NativeMethodAccessorImpl.invoke(NativeMethodAccessorImpl.java:77)
at java.base/jdk.internal.reflect.DelegatingMethodAccessorImpl.invoke(DelegatingMethodAccessorImpl.java:43)
at java.base/java.lang.reflect.Method.invoke(Method.java:568)
at org.testng.internal.MethodInvocationHelper.invokeMethod(MethodInvocationHelper.java:134)
at org.testng.internal.TestInvoker.invokeMethod(TestInvoker.java:597)
at org.testng.internal.TestInvoker.invokeTestMethod(TestInvoker.java:173)
at org.testng.internal.MethodRunner.runInSequence(MethodRunner.java:46)
at org.testng.internal.TestInvoker$MethodInvocationAgent.invoke(TestInvoker.java:816)
at org.testng.internal.TestInvoker.invokeTestMethods(TestInvoker.java:146)
at org.testng.internal.TestMethodWorker.invokeTestMethods(TestMethodWorker.java:146)
at org.testng.internal.TestMethodWorker.run(TestMethodWorker.java:128)
at java.base/java.util.ArrayList.forEach(ArrayList.java:1511)
at org.testng.TestRunner.privateRun(TestRunner.java:766)
at org.testng.TestRunner.run(TestRunner.java:587)
at org.testng.SuiteRunner.runTest(SuiteRunner.java:384)
at org.testng.SuiteRunner.runSequentially(SuiteRunner.java:378)
at org.testng.SuiteRunner.privateRun(SuiteRunner.java:337)
at org.testng.SuiteRunner.run(SuiteRunner.java:286)
at org.testng.SuiteRunnerWorker.runSuite(SuiteRunnerWorker.java:53)
at org.testng.SuiteRunnerWorker.run(SuiteRunnerWorker.java:96)
at org.testng.TestNG.runSuitesSequentially(TestNG.java:1187)
at org.testng.TestNG.runSuitesLocally(TestNG.java:1109)
at org.testng.TestNG.runSuites(TestNG.java:1039)
at org.testng.TestNG.run(TestNG.java:1007)
at org.testng.remote.AbstractRemoteTestNG.run(AbstractRemoteTestNG.java:115)
at org.testng.remote.RemoteTestNG.initAndRun(RemoteTestNG.java:293)
at org.testng.remote.RemoteTestNG.main(RemoteTestNG.java:91)
]]>
    </failure>
  </testcase> <!-- validarSchema -->
  <system-out/>
</testsuite> <!-- testes.PostCreateTest -->
