<?xml version="1.0" encoding="UTF-8"?>
<!-- Generated by org.testng.reporters.JUnitReportReporter -->
<testsuite hostname="NMDF1068" failures="0" tests="2" name="testes.GetListResourceTest" time="0.837" errors="0" timestamp="2026-06-25T19:00:07 BRT" skipped="0">
  <testcase classname="testes.GetListResourceTest" name="validarSchema" time="0.380"/>
  <system-out/>
  <testcase classname="testes.GetListResourceTest" name="validarStatusCode200EResponseBody" time="0.457"/>
  <system-out/>
</testsuite> <!-- testes.GetListResourceTest -->
