<?xml version="1.0" encoding="UTF-8"?>
<!-- Generated by org.testng.reporters.JUnitReportReporter -->
<testsuite hostname="NMDF1068" failures="0" tests="2" name="testes.GetSingleResourceTest" time="1.281" errors="0" timestamp="2026-06-25T18:47:51 BRT" skipped="0">
  <testcase classname="testes.GetSingleResourceTest" name="validarStatusCode200EResponseBody" time="0.381"/>
  <system-out/>
  <testcase classname="testes.GetSingleResourceTest" name="validarSchema" time="0.900"/>
  <system-out/>
</testsuite> <!-- testes.GetSingleResourceTest -->
