<?xml version="1.0" encoding="UTF-8"?>
<!-- Generated by org.testng.reporters.JUnitReportReporter -->
<testsuite hostname="NMDF1068" failures="0" tests="2" name="testes.GetDelayedResponseTest" time="9.678" errors="0" timestamp="2026-06-26T11:56:37 BRT" skipped="0">
  <testcase classname="testes.GetDelayedResponseTest" name="validarSchema" time="6.562"/>
  <system-out/>
  <testcase classname="testes.GetDelayedResponseTest" name="validarStatusCode200EResponseBody" time="3.116"/>
  <system-out/>
</testsuite> <!-- testes.GetDelayedResponseTest -->
