<?xml version="1.0" encoding="UTF-8"?>
<!-- Generated by org.testng.reporters.JUnitReportReporter -->
<testsuite hostname="NMDF1068" failures="0" tests="2" name="testes.PostLoginSuccessfulTest" time="1.709" errors="0" timestamp="2026-06-26T07:33:18 BRT" skipped="0">
  <testcase classname="testes.PostLoginSuccessfulTest" name="validarStatusCode200EResponseBody" time="0.918"/>
  <system-out/>
  <testcase classname="testes.PostLoginSuccessfulTest" name="validarSchema" time="0.791"/>
  <system-out/>
</testsuite> <!-- testes.PostLoginSuccessfulTest -->
