<?xml version="1.0" encoding="UTF-8"?>
<!-- Generated by org.testng.reporters.JUnitReportReporter -->
<testsuite hostname="NMDF1068" failures="0" tests="2" name="testes.PostRegisterUnuccessfulTest" time="1.064" errors="0" timestamp="2026-06-25T18:47:51 BRT" skipped="0">
  <testcase classname="testes.PostRegisterUnuccessfulTest" name="validarStatusCode400EResponseBody" time="0.535"/>
  <system-out/>
  <testcase classname="testes.PostRegisterUnuccessfulTest" name="validarSchema" time="0.529"/>
  <system-out/>
</testsuite> <!-- testes.PostRegisterUnuccessfulTest -->
