<?xml version="1.0" encoding="UTF-8"?>
<!-- Generated by org.testng.reporters.JUnitReportReporter -->
<testsuite hostname="NMDF1068" failures="0" tests="2" name="testes.PostCreateTest" time="2.039" errors="0" timestamp="2026-06-26T07:33:18 BRT" skipped="0">
  <testcase classname="testes.PostCreateTest" name="validarStatusCode201EResponseBody" time="1.237"/>
  <system-out/>
  <testcase classname="testes.PostCreateTest" name="validarSchema" time="0.802"/>
  <system-out/>
</testsuite> <!-- testes.PostCreateTest -->
