<?xml version="1.0" encoding="UTF-8"?>
<!-- Generated by org.testng.reporters.JUnitReportReporter -->
<testsuite hostname="NMDF1068" failures="0" tests="9" name="testes.PostLoginUnsuccessfulTest" time="7.514" errors="0" timestamp="2026-06-26T07:33:18 BRT" skipped="0">
  <testcase classname="testes.PostLoginUnsuccessfulTest" name="validarStatusCode400ECamposObrigatorios" time="0.675"/>
  <system-out/>
  <testcase classname="testes.PostLoginUnsuccessfulTest" name="validarSchema" time="0.701"/>
  <system-out/>
  <testcase classname="testes.PostLoginUnsuccessfulTest" name="validarStatusCode400ECamposObrigatorios" time="0.829"/>
  <system-out/>
  <testcase classname="testes.PostLoginUnsuccessfulTest" name="validarStatusCode400ECamposObrigatorios" time="0.715"/>
  <system-out/>
  <testcase classname="testes.PostLoginUnsuccessfulTest" name="validarStatusCode400ECamposObrigatorios" time="1.138"/>
  <system-out/>
  <testcase classname="testes.PostLoginUnsuccessfulTest" name="validarStatusCode400ECamposObrigatorios" time="0.807"/>
  <system-out/>
  <testcase classname="testes.PostLoginUnsuccessfulTest" name="validarStatusCode400ECamposObrigatorios" time="0.992"/>
  <system-out/>
  <testcase classname="testes.PostLoginUnsuccessfulTest" name="validarStatusCode400ECamposObrigatorios" time="0.847"/>
  <system-out/>
  <testcase classname="testes.PostLoginUnsuccessfulTest" name="validarStatusCode400ECamposObrigatorios" time="0.810"/>
  <system-out/>
</testsuite> <!-- testes.PostLoginUnsuccessfulTest -->
