<?xml version="1.0" encoding="UTF-8"?>
<!-- Generated by org.testng.reporters.JUnitReportReporter -->
<testsuite hostname="NMDF1068" failures="0" tests="2" name="testes.PostRegisterSuccessfulTest" time="1.695" errors="0" timestamp="2026-06-26T07:33:18 BRT" skipped="0">
  <testcase classname="testes.PostRegisterSuccessfulTest" name="validarSchema" time="0.909"/>
  <system-out/>
  <testcase classname="testes.PostRegisterSuccessfulTest" name="validarStatusCode200EResponseBody" time="0.786"/>
  <system-out/>
</testsuite> <!-- testes.PostRegisterSuccessfulTest -->
