<?xml version="1.0" encoding="UTF-8"?>
<!-- Generated by org.testng.reporters.JUnitReportReporter -->
<testsuite hostname="NMDF1068" failures="0" tests="2" name="testes.GetSingleUsersTest" time="1.592" errors="0" timestamp="2026-06-26T07:33:18 BRT" skipped="0">
  <testcase classname="testes.GetSingleUsersTest" name="validarSchema" time="0.886"/>
  <system-out/>
  <testcase classname="testes.GetSingleUsersTest" name="validarStatusCode200EResponseBody" time="0.706"/>
  <system-out/>
</testsuite> <!-- testes.GetSingleUsersTest -->
