<?xml version="1.0" encoding="UTF-8"?>
<!-- Generated by org.testng.reporters.JUnitReportReporter -->
<testsuite hostname="NMDF1068" failures="0" tests="2" name="testes.GetDelayedResponseTest" time="2.278" errors="0" timestamp="2026-06-25T18:47:51 BRT" skipped="0">
  <testcase classname="testes.GetDelayedResponseTest" name="validarSchema" time="1.134"/>
  <system-out/>
  <testcase classname="testes.GetDelayedResponseTest" name="validarStatusCode200EResponseBody" time="1.144"/>
  <system-out/>
</testsuite> <!-- testes.GetDelayedResponseTest -->
