<?xml version="1.0" encoding="UTF-8"?>
<!-- Generated by org.testng.reporters.JUnitReportReporter -->
<testsuite hostname="NMDF1068" failures="0" tests="2" name="testes.PutUpdateTest" time="1.958" errors="0" timestamp="2026-06-26T07:33:18 BRT" skipped="0">
  <testcase classname="testes.PutUpdateTest" name="validarStatusCode200EResponseBody" time="0.830"/>
  <system-out/>
  <testcase classname="testes.PutUpdateTest" name="validarSchema" time="1.128"/>
  <system-out/>
</testsuite> <!-- testes.PutUpdateTest -->
