<?xml version="1.0" encoding="UTF-8"?>
<!-- Generated by org.testng.reporters.JUnitReportReporter -->
<testsuite hostname="NMDF1068" failures="0" tests="2" name="testes.GetSingleResourceTest" time="5.735" errors="0" timestamp="2026-06-26T13:14:07 BRT" skipped="0">
  <testcase classname="testes.GetSingleResourceTest" name="validarStatusCode200EResponseBody" time="1.945"/>
  <system-out/>
  <testcase classname="testes.GetSingleResourceTest" name="validarSchema" time="3.790"/>
  <system-out/>
</testsuite> <!-- testes.GetSingleResourceTest -->
