<?xml version="1.0" encoding="UTF-8"?>
<!-- Generated by org.testng.reporters.JUnitReportReporter -->
<testsuite hostname="NMDF1068" failures="0" tests="2" name="testes.PostRegisterSuccessfulTest" time="4.307" errors="0" timestamp="2026-06-25T18:51:06 BRT" skipped="0">
  <testcase classname="testes.PostRegisterSuccessfulTest" name="validarStatusCode200EResponseBody" time="1.342"/>
  <system-out/>
  <testcase classname="testes.PostRegisterSuccessfulTest" name="validarSchema" time="2.965"/>
  <system-out/>
</testsuite> <!-- testes.PostRegisterSuccessfulTest -->
