<?xml version="1.0" encoding="UTF-8"?>
<!-- Generated by org.testng.reporters.JUnitXMLReporter -->
<testsuite ignored="14" hostname="NMDF1068" failures="0" tests="34" name="Geral" time="34.019" errors="0" timestamp="2026-06-26T07:33:18 BRT">
  <testcase classname="testes.DeleteTest" name="validarStatusCode204" time="3.578"/>
  <testcase classname="testes.GetDelayedResponseTest" name="validarSchema" time="1.517"/>
  <testcase classname="testes.GetDelayedResponseTest" name="validarStatusCode200EResponseBody" time="1.556"/>
  <testcase classname="testes.GetListResourceTest" name="validarSchema" time="1.112"/>
  <testcase classname="testes.GetListResourceTest" name="validarStatusCode200EResponseBody" time="0.738"/>
  <testcase classname="testes.GetListUsersTest" name="validarSchema" time="0.717"/>
  <testcase classname="testes.GetListUsersTest" name="validarStatusCode200EResponseBody" time="0.684"/>
  <testcase classname="testes.GetSingleResourceNotFoundTest" name="validarStatusCode404EResponseBody" time="1.134"/>
  <testcase classname="testes.GetSingleResourceTest" name="validarSchema" time="1.034"/>
  <testcase classname="testes.GetSingleResourceTest" name="validarStatusCode200EResponseBody" time="0.636"/>
  <testcase classname="testes.GetSingleUserNotFoundTest" name="validarStatusCode404EResponseBody" time="0.976"/>
  <testcase classname="testes.GetSingleUsersTest" name="validarSchema" time="0.886"/>
  <testcase classname="testes.GetSingleUsersTest" name="validarStatusCode200EResponseBody" time="0.706"/>
  <testcase classname="testes.PatchUpdateTest" name="validarSchema" time="1.06"/>
  <testcase classname="testes.PatchUpdateTest" name="validarStatusCode200EResponseBody" time="0.827"/>
  <testcase classname="testes.PostCreateTest" name="validarSchema" time="0.802"/>
  <testcase classname="testes.PostCreateTest" name="validarStatusCode201EResponseBody" time="1.237"/>
  <testcase classname="testes.PostLoginSuccessfulTest" name="validarSchema" time="0.791"/>
  <testcase classname="testes.PostLoginSuccessfulTest" name="validarStatusCode200EResponseBody" time="0.918"/>
  <testcase classname="testes.PostLoginUnsuccessfulTest" name="validarSchema" time="0.701"/>
  <testcase classname="testes.PostLoginUnsuccessfulTest" name="validarStatusCode400ECamposObrigatorios" time="1.138"/>
  <testcase classname="testes.PostLoginUnsuccessfulTest" name="validarStatusCode400ECamposObrigatorios" time="0.992"/>
  <testcase classname="testes.PostLoginUnsuccessfulTest" name="validarStatusCode400ECamposObrigatorios" time="0.807"/>
  <testcase classname="testes.PostLoginUnsuccessfulTest" name="validarStatusCode400ECamposObrigatorios" time="0.715"/>
  <testcase classname="testes.PostLoginUnsuccessfulTest" name="validarStatusCode400ECamposObrigatorios" time="0.675"/>
  <testcase classname="testes.PostLoginUnsuccessfulTest" name="validarStatusCode400ECamposObrigatorios" time="0.847"/>
  <testcase classname="testes.PostLoginUnsuccessfulTest" name="validarStatusCode400ECamposObrigatorios" time="0.829"/>
  <testcase classname="testes.PostLoginUnsuccessfulTest" name="validarStatusCode400ECamposObrigatorios" time="0.81"/>
  <testcase classname="testes.PostRegisterSuccessfulTest" name="validarSchema" time="0.909"/>
  <testcase classname="testes.PostRegisterSuccessfulTest" name="validarStatusCode200EResponseBody" time="0.786"/>
  <testcase classname="testes.PostRegisterUnuccessfulTest" name="validarSchema" time="0.712"/>
  <testcase classname="testes.PostRegisterUnuccessfulTest" name="validarStatusCode400EResponseBody" time="0.809"/>
  <testcase classname="testes.PutUpdateTest" name="validarSchema" time="1.128"/>
  <testcase classname="testes.PutUpdateTest" name="validarStatusCode200EResponseBody" time="0.83"/>
  <testcase classname="bases.BaseTest" name="@BeforeSuite setupSuite" time="0.0">
    <ignored/>
  </testcase> <!-- @BeforeSuite setupSuite -->
  <testcase classname="bases.BaseTest" name="@BeforeSuite setupSuite" time="0.0">
    <ignored/>
  </testcase> <!-- @BeforeSuite setupSuite -->
  <testcase classname="bases.BaseTest" name="@BeforeSuite setupSuite" time="0.0">
    <ignored/>
  </testcase> <!-- @BeforeSuite setupSuite -->
  <testcase classname="bases.BaseTest" name="@BeforeSuite setupSuite" time="0.0">
    <ignored/>
  </testcase> <!-- @BeforeSuite setupSuite -->
  <testcase classname="bases.BaseTest" name="@BeforeSuite setupSuite" time="0.0">
    <ignored/>
  </testcase> <!-- @BeforeSuite setupSuite -->
  <testcase classname="bases.BaseTest" name="@BeforeSuite setupSuite" time="0.0">
    <ignored/>
  </testcase> <!-- @BeforeSuite setupSuite -->
  <testcase classname="bases.BaseTest" name="@BeforeSuite setupSuite" time="0.0">
    <ignored/>
  </testcase> <!-- @BeforeSuite setupSuite -->
  <testcase classname="bases.BaseTest" name="@BeforeSuite setupSuite" time="0.0">
    <ignored/>
  </testcase> <!-- @BeforeSuite setupSuite -->
  <testcase classname="bases.BaseTest" name="@BeforeSuite setupSuite" time="0.0">
    <ignored/>
  </testcase> <!-- @BeforeSuite setupSuite -->
  <testcase classname="bases.BaseTest" name="@BeforeSuite setupSuite" time="0.0">
    <ignored/>
  </testcase> <!-- @BeforeSuite setupSuite -->
  <testcase classname="bases.BaseTest" name="@BeforeSuite setupSuite" time="0.0">
    <ignored/>
  </testcase> <!-- @BeforeSuite setupSuite -->
  <testcase classname="bases.BaseTest" name="@BeforeSuite setupSuite" time="0.0">
    <ignored/>
  </testcase> <!-- @BeforeSuite setupSuite -->
  <testcase classname="bases.BaseTest" name="@BeforeSuite setupSuite" time="0.0">
    <ignored/>
  </testcase> <!-- @BeforeSuite setupSuite -->
  <testcase classname="bases.BaseTest" name="@BeforeSuite setupSuite" time="0.0">
    <ignored/>
  </testcase> <!-- @BeforeSuite setupSuite -->
</testsuite> <!-- Geral -->
